<?xml version="1.0" encoding="UTF-8"?>
<!-- Generated by org.testng.reporters.JUnitReportReporter -->
<testsuite hostname="99653ce18335" failures="0" tests="20" name="com.vinsguru.tests.flightreservation.FlightReservationTest" time="51.134" errors="0" timestamp="2023-10-09T17:22:31 GMT" skipped="0">
  <testcase classname="com.vinsguru.tests.flightreservation.FlightReservationTest" name="flightsSearchTest" time="2.351"/>
  <testcase classname="com.vinsguru.tests.flightreservation.FlightReservationTest" name="flightsSearchTest" time="2.686"/>
  <testcase classname="com.vinsguru.tests.flightreservation.FlightReservationTest" name="flightsSelectionTest" time="3.519"/>
  <testcase classname="com.vinsguru.tests.flightreservation.FlightReservationTest" name="flightsSearchTest" time="1.186"/>
  <testcase classname="com.vinsguru.tests.flightreservation.FlightReservationTest" name="userRegistrationTest" time="4.601"/>
  <testcase classname="com.vinsguru.tests.flightreservation.FlightReservationTest" name="registrationConfirmationTest" time="2.017"/>
  <testcase classname="com.vinsguru.tests.flightreservation.FlightReservationTest" name="userRegistrationTest" time="4.340"/>
  <testcase classname="com.vinsguru.tests.flightreservation.FlightReservationTest" name="flightsSelectionTest" time="1.032"/>
  <testcase classname="com.vinsguru.tests.flightreservation.FlightReservationTest" name="flightsSelectionTest" time="1.617"/>
  <testcase classname="com.vinsguru.tests.flightreservation.FlightReservationTest" name="flightReservationConfirmationTest" time="2.629"/>
  <testcase classname="com.vinsguru.tests.flightreservation.FlightReservationTest" name="registrationConfirmationTest" time="0.935"/>
  <testcase classname="com.vinsguru.tests.flightreservation.FlightReservationTest" name="registrationConfirmationTest" time="1.461"/>
  <testcase classname="com.vinsguru.tests.flightreservation.FlightReservationTest" name="userRegistrationTest" time="4.500"/>
  <testcase classname="com.vinsguru.tests.flightreservation.FlightReservationTest" name="flightsSelectionTest" time="2.175"/>
  <testcase classname="com.vinsguru.tests.flightreservation.FlightReservationTest" name="flightReservationConfirmationTest" time="1.996"/>
  <testcase classname="com.vinsguru.tests.flightreservation.FlightReservationTest" name="flightReservationConfirmationTest" time="3.222"/>
  <testcase classname="com.vinsguru.tests.flightreservation.FlightReservationTest" name="flightsSearchTest" time="2.079"/>
  <testcase classname="com.vinsguru.tests.flightreservation.FlightReservationTest" name="registrationConfirmationTest" time="3.154"/>
  <testcase classname="com.vinsguru.tests.flightreservation.FlightReservationTest" name="flightReservationConfirmationTest" time="1.294"/>
  <testcase classname="com.vinsguru.tests.flightreservation.FlightReservationTest" name="userRegistrationTest" time="4.340"/>
</testsuite> <!-- com.vinsguru.tests.flightreservation.FlightReservationTest -->
